==17581== Memcheck, a memory error detector
==17581== Copyright (C) 2002-2015, and GNU GPL'd, by Julian Seward et al.
==17581== Using Valgrind-3.11.0 and LibVEX; rerun with -h for copyright info
==17581== Command: ./main
==17581== Parent PID: 16849
==17581== 
--17581-- 
--17581-- Valgrind options:
--17581--    -v
--17581--    --tool=memcheck
--17581--    --leak-check=full
--17581--    --num-callers=40
--17581--    --log-file=valgrind.log
--17581-- Contents of /proc/version:
--17581--   Linux version 4.2.0-19-generic (buildd@lgw01-28) (gcc version 5.2.1 20151010 (Ubuntu 5.2.1-22ubuntu2) ) #23-Ubuntu SMP Wed Nov 11 11:39:30 UTC 2015
--17581-- 
--17581-- Arch and hwcaps: AMD64, LittleEndian, amd64-cx16-rdtscp-sse3
--17581-- Page sizes: currently 4096, max supported 4096
--17581-- Valgrind library directory: /usr/lib/valgrind
--17581-- Reading syms from /home/jose/practica-Cpp/main
--17581-- Reading syms from /lib/x86_64-linux-gnu/ld-2.21.so
--17581--   Considering /lib/x86_64-linux-gnu/ld-2.21.so ..
--17581--   .. CRC mismatch (computed 9395ff2d wanted 2e4c1d87)
--17581--   Considering /usr/lib/debug/lib/x86_64-linux-gnu/ld-2.21.so ..
--17581--   .. CRC is valid
--17581-- Reading syms from /usr/lib/valgrind/memcheck-amd64-linux
--17581--   Considering /usr/lib/valgrind/memcheck-amd64-linux ..
--17581--   .. CRC mismatch (computed cd34a87b wanted 936d30dc)
--17581--    object doesn't have a symbol table
--17581--    object doesn't have a dynamic symbol table
--17581-- Scheduler: using generic scheduler lock implementation.
--17581-- Reading suppressions file: /usr/lib/valgrind/default.supp
==17581== embedded gdbserver: reading from /tmp/vgdb-pipe-from-vgdb-to-17581-by-jose-on-???
==17581== embedded gdbserver: writing to   /tmp/vgdb-pipe-to-vgdb-from-17581-by-jose-on-???
==17581== embedded gdbserver: shared mem   /tmp/vgdb-pipe-shared-mem-vgdb-17581-by-jose-on-???
==17581== 
==17581== TO CONTROL THIS PROCESS USING vgdb (which you probably
==17581== don't want to do, unless you know exactly what you're doing,
==17581== or are doing some strange experiment):
==17581==   /usr/lib/valgrind/../../bin/vgdb --pid=17581 ...command...
==17581== 
==17581== TO DEBUG THIS PROCESS USING GDB: start GDB like this
==17581==   /path/to/gdb ./main
==17581== and then give GDB the following command
==17581==   target remote | /usr/lib/valgrind/../../bin/vgdb --pid=17581
==17581== --pid is optional if only one valgrind process is running
==17581== 
--17581-- REDIR: 0x401ad80 (ld-linux-x86-64.so.2:strlen) redirected to 0x3809e1b1 (???)
--17581-- Reading syms from /usr/lib/valgrind/vgpreload_core-amd64-linux.so
--17581--   Considering /usr/lib/valgrind/vgpreload_core-amd64-linux.so ..
--17581--   .. CRC mismatch (computed 1c3ef3cc wanted d1ae2653)
--17581--    object doesn't have a symbol table
--17581-- Reading syms from /usr/lib/valgrind/vgpreload_memcheck-amd64-linux.so
--17581--   Considering /usr/lib/valgrind/vgpreload_memcheck-amd64-linux.so ..
--17581--   .. CRC mismatch (computed 6e6e6f70 wanted ea7b69f1)
--17581--    object doesn't have a symbol table
==17581== WARNING: new redirection conflicts with existing -- ignoring it
--17581--     old: 0x0401ad80 (strlen              ) R-> (0000.0) 0x3809e1b1 ???
--17581--     new: 0x0401ad80 (strlen              ) R-> (2007.0) 0x04c2f060 strlen
--17581-- REDIR: 0x401aae0 (ld-linux-x86-64.so.2:index) redirected to 0x4c2ec00 (index)
--17581-- REDIR: 0x401ad00 (ld-linux-x86-64.so.2:strcmp) redirected to 0x4c30110 (strcmp)
--17581-- REDIR: 0x401ba70 (ld-linux-x86-64.so.2:mempcpy) redirected to 0x4c33330 (mempcpy)
--17581-- Reading syms from /usr/lib/x86_64-linux-gnu/libstdc++.so.6.0.21
--17581--   Considering /usr/lib/x86_64-linux-gnu/libstdc++.so.6.0.21 ..
--17581--   .. CRC mismatch (computed 5d01d637 wanted 955dde47)
--17581--    object doesn't have a symbol table
--17581-- Reading syms from /lib/x86_64-linux-gnu/libm-2.21.so
--17581--   Considering /lib/x86_64-linux-gnu/libm-2.21.so ..
--17581--   .. CRC mismatch (computed e8b7a0e5 wanted 1333cd71)
--17581--   Considering /usr/lib/debug/lib/x86_64-linux-gnu/libm-2.21.so ..
--17581--   .. CRC is valid
--17581-- Reading syms from /lib/x86_64-linux-gnu/libgcc_s.so.1
--17581--   Considering /lib/x86_64-linux-gnu/libgcc_s.so.1 ..
--17581--   .. CRC mismatch (computed eaa68623 wanted ca38ad7e)
--17581--    object doesn't have a symbol table
--17581-- Reading syms from /lib/x86_64-linux-gnu/libc-2.21.so
--17581--   Considering /lib/x86_64-linux-gnu/libc-2.21.so ..
--17581--   .. CRC mismatch (computed 9362f137 wanted 040e4cfb)
--17581--   Considering /usr/lib/debug/lib/x86_64-linux-gnu/libc-2.21.so ..
--17581--   .. CRC is valid
--17581-- REDIR: 0x57689b0 (libc.so.6:strcasecmp) redirected to 0x4a26730 (_vgnU_ifunc_wrapper)
--17581-- REDIR: 0x576aca0 (libc.so.6:strncasecmp) redirected to 0x4a26730 (_vgnU_ifunc_wrapper)
--17581-- REDIR: 0x5768130 (libc.so.6:memcpy@GLIBC_2.2.5) redirected to 0x4a26730 (_vgnU_ifunc_wrapper)
--17581-- REDIR: 0x57663d0 (libc.so.6:rindex) redirected to 0x4c2e8e0 (rindex)
--17581-- REDIR: 0x575d4a0 (libc.so.6:malloc) redirected to 0x4c2bb60 (malloc)
--17581-- REDIR: 0x57646d0 (libc.so.6:strlen) redirected to 0x4c2efa0 (strlen)
--17581-- REDIR: 0x5767bb0 (libc.so.6:__GI_memcmp) redirected to 0x4c31bf0 (__GI_memcmp)
--17581-- REDIR: 0x5762c70 (libc.so.6:strcmp) redirected to 0x4a26730 (_vgnU_ifunc_wrapper)
--17581-- REDIR: 0x5778ca0 (libc.so.6:__strcmp_sse2_unaligned) redirected to 0x4c2ffd0 (strcmp)
--17581-- REDIR: 0x4ec6170 (libstdc++.so.6:operator new(unsigned long)) redirected to 0x4c2c0c0 (operator new(unsigned long))
--17581-- REDIR: 0x576d380 (libc.so.6:memcpy@@GLIBC_2.14) redirected to 0x4a26730 (_vgnU_ifunc_wrapper)
--17581-- REDIR: 0x5778f50 (libc.so.6:__memcpy_sse2_unaligned) redirected to 0x4c30500 (memcpy@@GLIBC_2.14)
--17581-- REDIR: 0x5767010 (libc.so.6:__GI_strstr) redirected to 0x4c33590 (__strstr_sse2)
--17581-- REDIR: 0x4ec6220 (libstdc++.so.6:operator new[](unsigned long)) redirected to 0x4c2c7e0 (operator new[](unsigned long))
--17581-- REDIR: 0x5767b70 (libc.so.6:bcmp) redirected to 0x4a26730 (_vgnU_ifunc_wrapper)
--17581-- REDIR: 0x5846c80 (libc.so.6:__memcmp_sse4_1) redirected to 0x4c31d30 (__memcmp_sse4_1)
--17581-- REDIR: 0x5767820 (libc.so.6:memchr) redirected to 0x4c301b0 (memchr)
--17581-- REDIR: 0x4ec4210 (libstdc++.so.6:operator delete(void*)) redirected to 0x4c2d220 (operator delete(void*))
--17581-- REDIR: 0x4ec4240 (libstdc++.so.6:operator delete[](void*)) redirected to 0x4c2d720 (operator delete[](void*))
--17581-- REDIR: 0x575d850 (libc.so.6:free) redirected to 0x4c2cdc0 (free)
--17581-- REDIR: 0x576d3f0 (libc.so.6:__GI_memcpy) redirected to 0x4c30b60 (__GI_memcpy)
--17581-- REDIR: 0x576f710 (libc.so.6:strchrnul) redirected to 0x4c32e60 (strchrnul)
--17581-- REDIR: 0x5768360 (libc.so.6:__GI_mempcpy) redirected to 0x4c33060 (__GI_mempcpy)
==17581== 
==17581== HEAP SUMMARY:
==17581==     in use at exit: 74,646 bytes in 26 blocks
==17581==   total heap usage: 98 allocs, 72 frees, 91,343 bytes allocated
==17581== 
==17581== Searching for pointers to 26 not-freed blocks
==17581== Checked 115,384 bytes
==17581== 
==17581== 40 bytes in 1 blocks are definitely lost in loss record 2 of 10
==17581==    at 0x4C2C12F: operator new(unsigned long) (in /usr/lib/valgrind/vgpreload_memcheck-amd64-linux.so)
==17581==    by 0x4040D0: ItemProcessor::load(std::__cxx11::basic_string<char, std::char_traits<char>, std::allocator<char> >) (in /home/jose/practica-Cpp/main)
==17581==    by 0x405316: main (in /home/jose/practica-Cpp/main)
==17581== 
==17581== 144 bytes in 3 blocks are definitely lost in loss record 5 of 10
==17581==    at 0x4C2C12F: operator new(unsigned long) (in /usr/lib/valgrind/vgpreload_memcheck-amd64-linux.so)
==17581==    by 0x4045E8: ItemProcessor::load(std::__cxx11::basic_string<char, std::char_traits<char>, std::allocator<char> >) (in /home/jose/practica-Cpp/main)
==17581==    by 0x405316: main (in /home/jose/practica-Cpp/main)
==17581== 
==17581== 178 (160 direct, 18 indirect) bytes in 2 blocks are definitely lost in loss record 7 of 10
==17581==    at 0x4C2C12F: operator new(unsigned long) (in /usr/lib/valgrind/vgpreload_memcheck-amd64-linux.so)
==17581==    by 0x4046D1: ItemProcessor::load(std::__cxx11::basic_string<char, std::char_traits<char>, std::allocator<char> >) (in /home/jose/practica-Cpp/main)
==17581==    by 0x405316: main (in /home/jose/practica-Cpp/main)
==17581== 
==17581== 249 (160 direct, 89 indirect) bytes in 2 blocks are definitely lost in loss record 8 of 10
==17581==    at 0x4C2C12F: operator new(unsigned long) (in /usr/lib/valgrind/vgpreload_memcheck-amd64-linux.so)
==17581==    by 0x404516: ItemProcessor::load(std::__cxx11::basic_string<char, std::char_traits<char>, std::allocator<char> >) (in /home/jose/practica-Cpp/main)
==17581==    by 0x405316: main (in /home/jose/practica-Cpp/main)
==17581== 
==17581== 1,331 (1,176 direct, 155 indirect) bytes in 7 blocks are definitely lost in loss record 9 of 10
==17581==    at 0x4C2C84F: operator new[](unsigned long) (in /usr/lib/valgrind/vgpreload_memcheck-amd64-linux.so)
==17581==    by 0x4043A4: ItemProcessor::load(std::__cxx11::basic_string<char, std::char_traits<char>, std::allocator<char> >) (in /home/jose/practica-Cpp/main)
==17581==    by 0x405316: main (in /home/jose/practica-Cpp/main)
==17581== 
==17581== LEAK SUMMARY:
==17581==    definitely lost: 1,680 bytes in 15 blocks
==17581==    indirectly lost: 262 bytes in 10 blocks
==17581==      possibly lost: 0 bytes in 0 blocks
==17581==    still reachable: 72,704 bytes in 1 blocks
==17581==         suppressed: 0 bytes in 0 blocks
==17581== Reachable blocks (those to which a pointer was found) are not shown.
==17581== To see them, rerun with: --leak-check=full --show-leak-kinds=all
==17581== 
==17581== ERROR SUMMARY: 5 errors from 5 contexts (suppressed: 0 from 0)
==17581== ERROR SUMMARY: 5 errors from 5 contexts (suppressed: 0 from 0)
